<?xml version="1.0" encoding="UTF-8"?>
<!-- Generated by org.testng.reporters.JUnitReportReporter -->
<testsuite hostname="DESKTOP-RFTBKIQ" failures="0" tests="3" name="demo.Class2" time="0.021" errors="0" timestamp="3 Jul 2023 02:08:37 GMT">
  <testcase classname="demo.Class2" name="MobileautoLoan" time="0.002"/>
  <testcase classname="demo.Class2" name="MobilecarLoan" time="0.002"/>
  <testcase classname="demo.Class2" name="MobilehomeLoan" time="0.017"/>
</testsuite> <!-- demo.Class2 -->
