<?xml version="1.0" encoding="UTF-8"?>
<!-- Generated by org.testng.reporters.JUnitReportReporter -->
<testsuite hostname="DESKTOP-RFTBKIQ" failures="0" tests="2" name="demo.Class3" time="0.008" errors="0" timestamp="3 Jul 2023 02:08:37 GMT">
  <testcase classname="demo.Class3" name="mobileLogin" time="0.004"/>
  <testcase classname="demo.Class3" name="mobileLogout" time="0.004"/>
</testsuite> <!-- demo.Class3 -->
