<?xml version="1.0" encoding="UTF-8"?>
<!-- Generated by org.testng.reporters.JUnitReportReporter -->
<testsuite hostname="DESKTOP-RFTBKIQ" failures="0" tests="3" name="demoTest.GooglePlaceTestCases" time="9.627" errors="0" timestamp="11 Jun 2023 00:15:24 GMT">
  <testcase classname="demoTest.GooglePlaceTestCases" name="getplaceTest" time="1.924"/>
  <testcase classname="demoTest.GooglePlaceTestCases" name="AddPlaceTest" time="7.468"/>
  <testcase classname="demoTest.GooglePlaceTestCases" name="AddPlaceTest" time="0.235"/>
</testsuite> <!-- demoTest.GooglePlaceTestCases -->
