<?xml version="1.0" encoding="UTF-8"?>
<!-- Generated by org.testng.reporters.JUnitReportReporter -->
<testsuite hostname="DESKTOP-RFTBKIQ" failures="0" tests="1" name="demoTest.GoogleTestCasePojo" time="11.511" errors="0" timestamp="5 Jul 2023 04:56:49 GMT">
  <testcase classname="demoTest.GoogleTestCasePojo" name="newmethod" time="11.511"/>
</testsuite> <!-- demoTest.GoogleTestCasePojo -->
